app/build/intermediates/manifest_merge_blame_file/debug/manifest-merger-blame-debug-report.txt
1<?xml version="1.0" encoding="utf-8"?>
2<manifest xmlns:android="http://schemas.android.com/apk/res/android"
3    package="com.example.rtu_ble"
4    android:versionCode="1"
5    android:versionName="1.0" >
6
7    <uses-sdk
8        android:minSdkVersion="15"
8-->src\main\AndroidManifest.xml
9        android:targetSdkVersion="28" />
9-->src\main\AndroidManifest.xml
10    <!-- 相机和相册权限 -->
11    <uses-feature
11-->src\main\AndroidManifest.xml:24:5-26:35
12        android:name="android.hardware.bluetooth_le"
12-->src\main\AndroidManifest.xml:25:9-53
13        android:required="true" />
13-->src\main\AndroidManifest.xml:26:9-32
14
15    <uses-permission android:name="android.permission.BLUETOOTH" />
15-->src\main\AndroidManifest.xml:27:5-68
15-->src\main\AndroidManifest.xml:27:22-65
16    <uses-permission android:name="android.permission.BLUETOOTH_ADMIN" /> <!-- 运动相关权限 -->
16-->src\main\AndroidManifest.xml:28:5-74
16-->src\main\AndroidManifest.xml:28:22-71
17    <!-- 用于访问wifi网络信息，wifi信息会用于进行网络定位 -->
18    <uses-permission android:name="android.permission.ACCESS_COARSE_LOCATION" /> <!-- 获取运营商信息，用于支持提供运营商信息相关的接口 -->
18-->src\main\AndroidManifest.xml:30:5-81
18-->src\main\AndroidManifest.xml:30:22-78
19    <uses-permission android:name="android.permission.ACCESS_FINE_LOCATION" /> <!-- 这个权限用于获取wifi的获取权限，wifi信息会用来进行网络定位 -->
19-->src\main\AndroidManifest.xml:31:5-79
19-->src\main\AndroidManifest.xml:31:22-76
20    <uses-permission android:name="android.permission.CAMERA" /> <!-- 用于读取手机当前的状态 -->
20-->src\main\AndroidManifest.xml:32:5-65
20-->src\main\AndroidManifest.xml:32:22-62
21    <uses-permission android:name="android.permission.READ_EXTERNAL_STORAGE" /> <!-- 访问网络，网络定位需要上网 -->
21-->src\main\AndroidManifest.xml:33:5-80
21-->src\main\AndroidManifest.xml:33:22-77
22    <uses-permission android:name="android.permission.WRITE_EXTERNAL_STORAGE" /> <!-- 跌倒相关权限 -->
22-->src\main\AndroidManifest.xml:34:5-81
22-->src\main\AndroidManifest.xml:34:22-78
23    <!-- 允许手机发送SMS短息 -->
24    <uses-permission android:name="android.permission.ACCESS_WIFI_STATE" /> <!-- 允许手机振动 -->
24-->src\main\AndroidManifest.xml:36:5-76
24-->src\main\AndroidManifest.xml:36:22-73
25    <uses-permission android:name="android.permission.ACCESS_NETWORK_STATE" /> <!-- 允许一个程序打开窗口使用 TYPE_SYSTEM_ALERT，显示在其他所有程序的顶层 -->
25-->src\main\AndroidManifest.xml:37:5-79
25-->src\main\AndroidManifest.xml:37:22-76
26    <uses-permission android:name="android.permission.CHANGE_WIFI_STATE" />
26-->src\main\AndroidManifest.xml:38:5-76
26-->src\main\AndroidManifest.xml:38:22-73
27    <uses-permission android:name="android.permission.READ_PHONE_STATE" />
27-->src\main\AndroidManifest.xml:39:5-75
27-->src\main\AndroidManifest.xml:39:22-72
28    <uses-permission android:name="android.permission.INTERNET" />
28-->src\main\AndroidManifest.xml:40:5-67
28-->src\main\AndroidManifest.xml:40:22-64
29    <uses-permission android:name="android.permission.SEND_SMS" />
29-->src\main\AndroidManifest.xml:41:5-67
29-->src\main\AndroidManifest.xml:41:22-64
30    <uses-permission android:name="android.permission.VIBRATE" />
30-->src\main\AndroidManifest.xml:42:5-66
30-->src\main\AndroidManifest.xml:42:22-63
31    <uses-permission android:name="android.permission.SYSTEM_ALERT_WINDOW" />
31-->src\main\AndroidManifest.xml:43:5-78
31-->src\main\AndroidManifest.xml:43:22-75
32    <uses-permission android:name="android.permission.ACCESS_NETWORK_STATE" />
32-->src\main\AndroidManifest.xml:37:5-79
32-->src\main\AndroidManifest.xml:37:22-76
33    <uses-permission android:name="android.permission.INTERNET" />
33-->src\main\AndroidManifest.xml:40:5-67
33-->src\main\AndroidManifest.xml:40:22-64
34    <uses-permission android:name="com.android.launcher.permission.READ_SETTINGS" />
34-->src\main\AndroidManifest.xml:46:5-85
34-->src\main\AndroidManifest.xml:46:22-82
35    <uses-permission android:name="android.permission.WAKE_LOCK" />
35-->src\main\AndroidManifest.xml:47:5-68
35-->src\main\AndroidManifest.xml:47:22-65
36    <uses-permission android:name="android.permission.CHANGE_WIFI_STATE" />
36-->src\main\AndroidManifest.xml:38:5-76
36-->src\main\AndroidManifest.xml:38:22-73
37    <uses-permission android:name="android.permission.ACCESS_WIFI_STATE" />
37-->src\main\AndroidManifest.xml:36:5-76
37-->src\main\AndroidManifest.xml:36:22-73
38    <uses-permission android:name="android.permission.WRITE_EXTERNAL_STORAGE" />
38-->src\main\AndroidManifest.xml:34:5-81
38-->src\main\AndroidManifest.xml:34:22-78
39
40    <application
40-->src\main\AndroidManifest.xml:5:5-23:19
41        android:allowBackup="true"
41-->src\main\AndroidManifest.xml:6:9-35
42        android:appComponentFactory="androidx.core.app.CoreComponentFactory"
42-->[androidx.core:core:1.0.1] AndroidManifest.xml:22:18-86
43        android:debuggable="true"
44        android:icon="@mipmap/ic_launcher"
44-->src\main\AndroidManifest.xml:7:9-43
45        android:label="@string/app_name"
45-->src\main\AndroidManifest.xml:8:9-41
46        android:roundIcon="@mipmap/ic_launcher_round"
46-->src\main\AndroidManifest.xml:9:9-54
47        android:supportsRtl="true"
47-->src\main\AndroidManifest.xml:10:9-35
48        android:testOnly="true"
49        android:theme="@style/AppTheme" >
49-->src\main\AndroidManifest.xml:11:9-40
50        <activity android:name="com.example.rtu_ble.BleActivity" />
50-->src\main\AndroidManifest.xml:12:9-58
50-->src\main\AndroidManifest.xml:12:19-46
51        <activity android:name="com.example.rtu_ble.BasicConfigActivity" />
51-->src\main\AndroidManifest.xml:13:9-57
51-->src\main\AndroidManifest.xml:13:19-54
52        <activity android:name="com.example.rtu_ble.FactoryDataResetActivity" />
52-->src\main\AndroidManifest.xml:14:9-62
52-->src\main\AndroidManifest.xml:14:19-59
53        <activity android:name="com.example.rtu_ble.operation.OperationActivity" />
53-->src\main\AndroidManifest.xml:15:9-64
53-->src\main\AndroidManifest.xml:15:19-62
54        <activity android:name="com.example.rtu_ble.MainActivity" >
54-->src\main\AndroidManifest.xml:16:9-22:20
54-->src\main\AndroidManifest.xml:16:19-47
55            <intent-filter>
55-->src\main\AndroidManifest.xml:17:13-21:29
56                <action android:name="android.intent.action.MAIN" />
56-->src\main\AndroidManifest.xml:18:17-69
56-->src\main\AndroidManifest.xml:18:25-66
57
58                <category android:name="android.intent.category.LAUNCHER" />
58-->src\main\AndroidManifest.xml:20:17-77
58-->src\main\AndroidManifest.xml:20:27-74
59            </intent-filter>
60        </activity>
61    </application>
62
63</manifest>